<?xml version="1.0" encoding="UTF-8"?>
<testng-results ignored="0" total="1" passed="1" failed="0" skipped="0">
  <reporter-output>
  </reporter-output>
  <suite started-at="2024-10-29T12:52:15 IST" name="Default suite" finished-at="2024-10-29T12:52:51 IST" duration-ms="36245">
    <groups>
    </groups>
    <test started-at="2024-10-29T12:52:15 IST" name="Default test" finished-at="2024-10-29T12:52:51 IST" duration-ms="36245">
      <class name="PageTest.PaymentsPageTest">
        <test-method is-config="true" signature="launch()[pri:0, instance:PageTest.PaymentsPageTest@723ca036]" started-at="2024-10-29T12:52:15 IST" name="launch" finished-at="2024-10-29T12:52:19 IST" duration-ms="3780" status="PASS">
          <reporter-output>
          </reporter-output>
        </test-method> <!-- launch -->
        <test-method signature="productTest()[pri:0, instance:PageTest.PaymentsPageTest@723ca036]" started-at="2024-10-29T12:52:19 IST" name="productTest" finished-at="2024-10-29T12:52:51 IST" duration-ms="32303" status="PASS">
          <reporter-output>
          </reporter-output>
        </test-method> <!-- productTest -->
        <test-method is-config="true" signature="tearDown()[pri:0, instance:PageTest.PaymentsPageTest@723ca036]" started-at="2024-10-29T12:52:51 IST" name="tearDown" finished-at="2024-10-29T12:52:51 IST" duration-ms="122" status="PASS">
          <reporter-output>
          </reporter-output>
        </test-method> <!-- tearDown -->
      </class> <!-- PageTest.PaymentsPageTest -->
    </test> <!-- Default test -->
  </suite> <!-- Default suite -->
</testng-results>
